Using pre-set license
Built from '2020.3/staging' branch; Version is '2020.3.37f1 (8c66806a0c04) revision 9201280'; Using compiler version '192528614'; Build Type 'Release'
OS: 'Windows 10  (10.0.19044) 64bit Education' Language: 'ca' Physical Memory: 8086 MB
BatchMode: 1, IsHumanControllingUs: 0, StartBugReporterOnCrash: 0, Is64bit: 1, IsPro: 0

COMMAND LINE ARGUMENTS:
C:\SOFT\DiG\Unity\2020.3.37f1\Editor\Unity.exe
-adb2
-batchMode
-noUpm
-name
AssetImportWorker0
-projectPath
C:/Users/al425986/Documents/Unity-main
-logFile
Logs/AssetImportWorker0.log
-srvPort
51356
Successfully changed project path to: C:/Users/al425986/Documents/Unity-main
C:/Users/al425986/Documents/Unity-main
Using Asset Import Pipeline V2.
Unable to join player connection multicast group.
Unable to join player connection alternative multicast group.
Refreshing native plugins compatible for Editor in 45.66 ms, found 3 plugins.
Preloading 0 native plugins for Editor in 0.00 ms.
Initialize engine version: 2020.3.37f1 (8c66806a0c04)
[Subsystems] Discovering subsystems at path C:/SOFT/DiG/Unity/2020.3.37f1/Editor/Data/Resources/UnitySubsystems
[Subsystems] Discovering subsystems at path C:/Users/al425986/Documents/Unity-main/Assets
GfxDevice: creating device client; threaded=0
Direct3D:
    Version:  Direct3D 11.0 [level 11.1]
    Renderer: Intel(R) UHD Graphics 630 (ID=0x3e91)
    Vendor:   
    VRAM:     4043 MB
    Driver:   30.0.101.1994
Initialize mono
Mono path[0] = 'C:/SOFT/DiG/Unity/2020.3.37f1/Editor/Data/Managed'
Mono path[1] = 'C:/SOFT/DiG/Unity/2020.3.37f1/Editor/Data/MonoBleedingEdge/lib/mono/unityjit'
Mono config path = 'C:/SOFT/DiG/Unity/2020.3.37f1/Editor/Data/MonoBleedingEdge/etc'
Using monoOptions --debugger-agent=transport=dt_socket,embedding=1,server=y,suspend=n,address=127.0.0.1:56816
Begin MonoManager ReloadAssembly
Registering precompiled unity dll's ...
Register platform support module: C:/SOFT/DiG/Unity/2020.3.37f1/Editor/Data/PlaybackEngines/WindowsStandaloneSupport/UnityEditor.WindowsStandalone.Extensions.dll
Registered in 0.001736 seconds.
Native extension for WindowsStandalone target not found
Refreshing native plugins compatible for Editor in 43.16 ms, found 3 plugins.
Preloading 0 native plugins for Editor in 0.00 ms.
Mono: successfully reloaded assembly
- Completed reload, in  0.554 seconds
Domain Reload Profiling:
	ReloadAssembly (554ms)
		BeginReloadAssembly (63ms)
			ExecutionOrderSort (0ms)
			DisableScriptedObjects (0ms)
			BackupInstance (0ms)
			ReleaseScriptingObjects (0ms)
			CreateAndSetChildDomain (1ms)
		EndReloadAssembly (423ms)
			LoadAssemblies (62ms)
			RebuildTransferFunctionScriptingTraits (0ms)
			SetupTypeCache (140ms)
			ReleaseScriptCaches (0ms)
			RebuildScriptCaches (28ms)
			SetupLoadedEditorAssemblies (166ms)
				LogAssemblyErrors (0ms)
				InitializePlatformSupportModulesInManaged (4ms)
				SetLoadedEditorAssemblies (0ms)
				RefreshPlugins (43ms)
				BeforeProcessingInitializeOnLoad (8ms)
				ProcessInitializeOnLoadAttributes (84ms)
				ProcessInitializeOnLoadMethodAttributes (26ms)
				AfterProcessingInitializeOnLoad (0ms)
				EditorAssembliesLoaded (0ms)
			ExecutionOrderSort2 (0ms)
			AwakeInstancesAfterBackupRestoration (0ms)
Platform modules already initialized, skipping
Registering precompiled user dll's ...
Registered in 0.003026 seconds.
Begin MonoManager ReloadAssembly
Native extension for WindowsStandalone target not found
Refreshing native plugins compatible for Editor in 43.44 ms, found 3 plugins.
Preloading 0 native plugins for Editor in 0.00 ms.
Mono: successfully reloaded assembly
- Completed reload, in  1.055 seconds
Domain Reload Profiling:
	ReloadAssembly (1056ms)
		BeginReloadAssembly (144ms)
			ExecutionOrderSort (0ms)
			DisableScriptedObjects (4ms)
			BackupInstance (0ms)
			ReleaseScriptingObjects (0ms)
			CreateAndSetChildDomain (18ms)
		EndReloadAssembly (849ms)
			LoadAssemblies (96ms)
			RebuildTransferFunctionScriptingTraits (0ms)
			SetupTypeCache (287ms)
			ReleaseScriptCaches (0ms)
			RebuildScriptCaches (44ms)
			SetupLoadedEditorAssemblies (327ms)
				LogAssemblyErrors (0ms)
				InitializePlatformSupportModulesInManaged (3ms)
				SetLoadedEditorAssemblies (0ms)
				RefreshPlugins (44ms)
				BeforeProcessingInitializeOnLoad (71ms)
				ProcessInitializeOnLoadAttributes (184ms)
				ProcessInitializeOnLoadMethodAttributes (19ms)
				AfterProcessingInitializeOnLoad (6ms)
				EditorAssembliesLoaded (0ms)
			ExecutionOrderSort2 (0ms)
			AwakeInstancesAfterBackupRestoration (2ms)
Platform modules already initialized, skipping
========================================================================
Worker process is ready to serve import requests
Launched and connected shader compiler UnityShaderCompiler.exe after 0.04 seconds
Refreshing native plugins compatible for Editor in 0.44 ms, found 3 plugins.
Preloading 0 native plugins for Editor in 0.00 ms.
Unloading 2212 Unused Serialized files (Serialized files now loaded: 0)
System memory in use before: 97.5 MB.
System memory in use after: 97.5 MB.

Unloading 31 unused Assets to reduce memory usage. Loaded Objects now: 2646.
Total: 3.083300 ms (FindLiveObjects: 0.217000 ms CreateObjectMapping: 0.143600 ms MarkObjects: 2.585500 ms  DeleteObjects: 0.136300 ms)

AssetImportParameters requested are different than current active one (requested -> active):
  custom:framework-win-MediaFoundation: 216162199b28c13a410421893ffa2e32 -> 
  custom:video-decoder-ogg-theora: a1e56fd34408186e4bbccfd4996cb3dc -> 
  custom:container-muxer-webm: aa71ff27fc2769a1b78a27578f13a17b -> 
  custom:container-demuxer-webm: 4f35f7cbe854078d1ac9338744f61a02 -> 
  custom:container-demuxer-ogg: 62fdf1f143b41e24485cea50d1cbac27 -> 
  custom:video-encoder-webm-vp8: eb34c28f22e8b96e1ab97ce403110664 -> 
  custom:video-decoder-webm-vp8: 9c59270c3fd7afecdb556c50c9e8de78 -> 
  custom:audio-decoder-ogg-vorbis: bf7c407c2cedff20999df2af8eb42d56 -> 
  custom:audio-encoder-webm-vorbis: bf7c407c2cedff20999df2af8eb42d56 -> 
========================================================================
Received Import Request.
  path: Assets/Mainscene.unity
  artifactKey: Guid(0f37c1ffe89fa7449b883cc72d137ebe) Importer(815301076,1909f56bfc062723c751e8b465ee728b)
Start importing Assets/Mainscene.unity using Guid(0f37c1ffe89fa7449b883cc72d137ebe) Importer(815301076,1909f56bfc062723c751e8b465ee728b)  -> (artifact id: 'c4aca488371ce3e97309c1fc64cf585e') in 0.008010 seconds 
========================================================================
Received Import Request.
  Time since last request: 469.129728 seconds.
  path: Assets/Scripts/RubyController.cs
  artifactKey: Guid(50f4b26e3a1c83d4587d97263913a44f) Importer(815301076,1909f56bfc062723c751e8b465ee728b)
Start importing Assets/Scripts/RubyController.cs using Guid(50f4b26e3a1c83d4587d97263913a44f) Importer(815301076,1909f56bfc062723c751e8b465ee728b)  -> (artifact id: '9871d46bbca3fe9c2ae87eac09f97335') in 0.101763 seconds 
========================================================================
Received Prepare
Registering precompiled user dll's ...
Registered in 0.004179 seconds.
Begin MonoManager ReloadAssembly
Native extension for WindowsStandalone target not found
Refreshing native plugins compatible for Editor in 0.54 ms, found 3 plugins.
Preloading 0 native plugins for Editor in 0.00 ms.
Mono: successfully reloaded assembly
- Completed reload, in  0.922 seconds
Domain Reload Profiling:
	ReloadAssembly (923ms)
		BeginReloadAssembly (134ms)
			ExecutionOrderSort (0ms)
			DisableScriptedObjects (15ms)
			BackupInstance (0ms)
			ReleaseScriptingObjects (0ms)
			CreateAndSetChildDomain (36ms)
		EndReloadAssembly (728ms)
			LoadAssemblies (102ms)
			RebuildTransferFunctionScriptingTraits (0ms)
			SetupTypeCache (258ms)
			ReleaseScriptCaches (1ms)
			RebuildScriptCaches (38ms)
			SetupLoadedEditorAssemblies (261ms)
				LogAssemblyErrors (0ms)
				InitializePlatformSupportModulesInManaged (4ms)
				SetLoadedEditorAssemblies (0ms)
				RefreshPlugins (1ms)
				BeforeProcessingInitializeOnLoad (59ms)
				ProcessInitializeOnLoadAttributes (176ms)
				ProcessInitializeOnLoadMethodAttributes (14ms)
				AfterProcessingInitializeOnLoad (7ms)
				EditorAssembliesLoaded (0ms)
			ExecutionOrderSort2 (0ms)
			AwakeInstancesAfterBackupRestoration (4ms)
Platform modules already initialized, skipping
Refreshing native plugins compatible for Editor in 0.48 ms, found 3 plugins.
Preloading 0 native plugins for Editor in 0.00 ms.
Unloading 2207 Unused Serialized files (Serialized files now loaded: 0)
System memory in use before: 97.5 MB.
System memory in use after: 97.4 MB.

Unloading 20 unused Assets to reduce memory usage. Loaded Objects now: 2649.
Total: 3.050700 ms (FindLiveObjects: 0.155900 ms CreateObjectMapping: 0.079800 ms MarkObjects: 2.648900 ms  DeleteObjects: 0.165300 ms)

AssetImportParameters requested are different than current active one (requested -> active):
  custom:framework-win-MediaFoundation: 216162199b28c13a410421893ffa2e32 -> 
  custom:video-decoder-ogg-theora: a1e56fd34408186e4bbccfd4996cb3dc -> 
  custom:container-muxer-webm: aa71ff27fc2769a1b78a27578f13a17b -> 
  custom:container-demuxer-webm: 4f35f7cbe854078d1ac9338744f61a02 -> 
  custom:container-demuxer-ogg: 62fdf1f143b41e24485cea50d1cbac27 -> 
  custom:video-encoder-webm-vp8: eb34c28f22e8b96e1ab97ce403110664 -> 
  custom:video-decoder-webm-vp8: 9c59270c3fd7afecdb556c50c9e8de78 -> 
  custom:audio-decoder-ogg-vorbis: bf7c407c2cedff20999df2af8eb42d56 -> 
  custom:audio-encoder-webm-vorbis: bf7c407c2cedff20999df2af8eb42d56 -> 
========================================================================
Received Prepare
Registering precompiled user dll's ...
Registered in 0.015713 seconds.
Begin MonoManager ReloadAssembly
Native extension for WindowsStandalone target not found
Refreshing native plugins compatible for Editor in 2.33 ms, found 3 plugins.
Preloading 0 native plugins for Editor in 0.00 ms.
Mono: successfully reloaded assembly
- Completed reload, in  3.195 seconds
Domain Reload Profiling:
	ReloadAssembly (3198ms)
		BeginReloadAssembly (415ms)
			ExecutionOrderSort (0ms)
			DisableScriptedObjects (34ms)
			BackupInstance (0ms)
			ReleaseScriptingObjects (0ms)
			CreateAndSetChildDomain (128ms)
		EndReloadAssembly (2614ms)
			LoadAssemblies (345ms)
			RebuildTransferFunctionScriptingTraits (0ms)
			SetupTypeCache (863ms)
			ReleaseScriptCaches (3ms)
			RebuildScriptCaches (134ms)
			SetupLoadedEditorAssemblies (1011ms)
				LogAssemblyErrors (0ms)
				InitializePlatformSupportModulesInManaged (18ms)
				SetLoadedEditorAssemblies (4ms)
				RefreshPlugins (2ms)
				BeforeProcessingInitializeOnLoad (219ms)
				ProcessInitializeOnLoadAttributes (692ms)
				ProcessInitializeOnLoadMethodAttributes (41ms)
				AfterProcessingInitializeOnLoad (35ms)
				EditorAssembliesLoaded (1ms)
			ExecutionOrderSort2 (0ms)
			AwakeInstancesAfterBackupRestoration (20ms)
Platform modules already initialized, skipping
Refreshing native plugins compatible for Editor in 2.27 ms, found 3 plugins.
Preloading 0 native plugins for Editor in 0.00 ms.
Unloading 2207 Unused Serialized files (Serialized files now loaded: 0)
System memory in use before: 97.5 MB.
System memory in use after: 97.5 MB.

Unloading 20 unused Assets to reduce memory usage. Loaded Objects now: 2652.
Total: 7.627500 ms (FindLiveObjects: 1.491200 ms CreateObjectMapping: 0.685100 ms MarkObjects: 5.278700 ms  DeleteObjects: 0.165900 ms)

AssetImportParameters requested are different than current active one (requested -> active):
  custom:framework-win-MediaFoundation: 216162199b28c13a410421893ffa2e32 -> 
  custom:video-decoder-ogg-theora: a1e56fd34408186e4bbccfd4996cb3dc -> 
  custom:container-muxer-webm: aa71ff27fc2769a1b78a27578f13a17b -> 
  custom:container-demuxer-webm: 4f35f7cbe854078d1ac9338744f61a02 -> 
  custom:container-demuxer-ogg: 62fdf1f143b41e24485cea50d1cbac27 -> 
  custom:video-encoder-webm-vp8: eb34c28f22e8b96e1ab97ce403110664 -> 
  custom:video-decoder-webm-vp8: 9c59270c3fd7afecdb556c50c9e8de78 -> 
  custom:audio-decoder-ogg-vorbis: bf7c407c2cedff20999df2af8eb42d56 -> 
  custom:audio-encoder-webm-vorbis: bf7c407c2cedff20999df2af8eb42d56 -> 
========================================================================
Received Import Request.
  Time since last request: 486.065831 seconds.
  path: Assets/Scripts/RubyController.cs
  artifactKey: Guid(50f4b26e3a1c83d4587d97263913a44f) Importer(815301076,1909f56bfc062723c751e8b465ee728b)
Start importing Assets/Scripts/RubyController.cs using Guid(50f4b26e3a1c83d4587d97263913a44f) Importer(815301076,1909f56bfc062723c751e8b465ee728b)  -> (artifact id: '5c0bd681c0a9dc8ac00eab9b95709108') in 0.007080 seconds 
========================================================================
Received Prepare
Registering precompiled user dll's ...
Registered in 0.003287 seconds.
Begin MonoManager ReloadAssembly
Native extension for WindowsStandalone target not found
Refreshing native plugins compatible for Editor in 0.46 ms, found 3 plugins.
Preloading 0 native plugins for Editor in 0.00 ms.
Mono: successfully reloaded assembly
- Completed reload, in  1.016 seconds
Domain Reload Profiling:
	ReloadAssembly (1017ms)
		BeginReloadAssembly (210ms)
			ExecutionOrderSort (0ms)
			DisableScriptedObjects (6ms)
			BackupInstance (0ms)
			ReleaseScriptingObjects (0ms)
			CreateAndSetChildDomain (52ms)
		EndReloadAssembly (746ms)
			LoadAssemblies (172ms)
			RebuildTransferFunctionScriptingTraits (0ms)
			SetupTypeCache (268ms)
			ReleaseScriptCaches (1ms)
			RebuildScriptCaches (38ms)
			SetupLoadedEditorAssemblies (267ms)
				LogAssemblyErrors (0ms)
				InitializePlatformSupportModulesInManaged (4ms)
				SetLoadedEditorAssemblies (0ms)
				RefreshPlugins (1ms)
				BeforeProcessingInitializeOnLoad (60ms)
				ProcessInitializeOnLoadAttributes (178ms)
				ProcessInitializeOnLoadMethodAttributes (17ms)
				AfterProcessingInitializeOnLoad (7ms)
				EditorAssembliesLoaded (0ms)
			ExecutionOrderSort2 (0ms)
			AwakeInstancesAfterBackupRestoration (4ms)
Platform modules already initialized, skipping
Refreshing native plugins compatible for Editor in 0.43 ms, found 3 plugins.
Preloading 0 native plugins for Editor in 0.00 ms.
Unloading 2207 Unused Serialized files (Serialized files now loaded: 0)
System memory in use before: 97.5 MB.
System memory in use after: 97.5 MB.

Unloading 20 unused Assets to reduce memory usage. Loaded Objects now: 2655.
Total: 3.337600 ms (FindLiveObjects: 0.146600 ms CreateObjectMapping: 0.070700 ms MarkObjects: 2.948400 ms  DeleteObjects: 0.170800 ms)

AssetImportParameters requested are different than current active one (requested -> active):
  custom:framework-win-MediaFoundation: 216162199b28c13a410421893ffa2e32 -> 
  custom:video-decoder-ogg-theora: a1e56fd34408186e4bbccfd4996cb3dc -> 
  custom:container-muxer-webm: aa71ff27fc2769a1b78a27578f13a17b -> 
  custom:container-demuxer-webm: 4f35f7cbe854078d1ac9338744f61a02 -> 
  custom:container-demuxer-ogg: 62fdf1f143b41e24485cea50d1cbac27 -> 
  custom:video-encoder-webm-vp8: eb34c28f22e8b96e1ab97ce403110664 -> 
  custom:video-decoder-webm-vp8: 9c59270c3fd7afecdb556c50c9e8de78 -> 
  custom:audio-decoder-ogg-vorbis: bf7c407c2cedff20999df2af8eb42d56 -> 
  custom:audio-encoder-webm-vorbis: bf7c407c2cedff20999df2af8eb42d56 -> 
========================================================================
Received Import Request.
  Time since last request: 135.815030 seconds.
  path: Assets/Scripts/RubyController.cs
  artifactKey: Guid(50f4b26e3a1c83d4587d97263913a44f) Importer(815301076,1909f56bfc062723c751e8b465ee728b)
Start importing Assets/Scripts/RubyController.cs using Guid(50f4b26e3a1c83d4587d97263913a44f) Importer(815301076,1909f56bfc062723c751e8b465ee728b)  -> (artifact id: 'de5af81eadd04717be2c8e5f3206efe6') in 0.004716 seconds 
========================================================================
Received Prepare
Registering precompiled user dll's ...
Registered in 0.003552 seconds.
Begin MonoManager ReloadAssembly
Native extension for WindowsStandalone target not found
Refreshing native plugins compatible for Editor in 0.44 ms, found 3 plugins.
Preloading 0 native plugins for Editor in 0.00 ms.
Mono: successfully reloaded assembly
- Completed reload, in  0.940 seconds
Domain Reload Profiling:
	ReloadAssembly (940ms)
		BeginReloadAssembly (126ms)
			ExecutionOrderSort (0ms)
			DisableScriptedObjects (6ms)
			BackupInstance (0ms)
			ReleaseScriptingObjects (0ms)
			CreateAndSetChildDomain (36ms)
		EndReloadAssembly (743ms)
			LoadAssemblies (106ms)
			RebuildTransferFunctionScriptingTraits (0ms)
			SetupTypeCache (248ms)
			ReleaseScriptCaches (1ms)
			RebuildScriptCaches (39ms)
			SetupLoadedEditorAssemblies (281ms)
				LogAssemblyErrors (0ms)
				InitializePlatformSupportModulesInManaged (4ms)
				SetLoadedEditorAssemblies (0ms)
				RefreshPlugins (0ms)
				BeforeProcessingInitializeOnLoad (67ms)
				ProcessInitializeOnLoadAttributes (187ms)
				ProcessInitializeOnLoadMethodAttributes (15ms)
				AfterProcessingInitializeOnLoad (7ms)
				EditorAssembliesLoaded (0ms)
			ExecutionOrderSort2 (0ms)
			AwakeInstancesAfterBackupRestoration (4ms)
Platform modules already initialized, skipping
Refreshing native plugins compatible for Editor in 0.44 ms, found 3 plugins.
Preloading 0 native plugins for Editor in 0.00 ms.
Unloading 2207 Unused Serialized files (Serialized files now loaded: 0)
System memory in use before: 97.5 MB.
System memory in use after: 97.5 MB.

Unloading 20 unused Assets to reduce memory usage. Loaded Objects now: 2658.
Total: 2.818200 ms (FindLiveObjects: 0.160200 ms CreateObjectMapping: 0.078600 ms MarkObjects: 2.470200 ms  DeleteObjects: 0.108100 ms)

AssetImportParameters requested are different than current active one (requested -> active):
  custom:framework-win-MediaFoundation: 216162199b28c13a410421893ffa2e32 -> 
  custom:video-decoder-ogg-theora: a1e56fd34408186e4bbccfd4996cb3dc -> 
  custom:container-muxer-webm: aa71ff27fc2769a1b78a27578f13a17b -> 
  custom:container-demuxer-webm: 4f35f7cbe854078d1ac9338744f61a02 -> 
  custom:container-demuxer-ogg: 62fdf1f143b41e24485cea50d1cbac27 -> 
  custom:video-encoder-webm-vp8: eb34c28f22e8b96e1ab97ce403110664 -> 
  custom:video-decoder-webm-vp8: 9c59270c3fd7afecdb556c50c9e8de78 -> 
  custom:audio-decoder-ogg-vorbis: bf7c407c2cedff20999df2af8eb42d56 -> 
  custom:audio-encoder-webm-vorbis: bf7c407c2cedff20999df2af8eb42d56 -> 
========================================================================
Received Prepare
Registering precompiled user dll's ...
Registered in 0.003075 seconds.
Begin MonoManager ReloadAssembly
Native extension for WindowsStandalone target not found
Refreshing native plugins compatible for Editor in 0.45 ms, found 3 plugins.
Preloading 0 native plugins for Editor in 0.00 ms.
Mono: successfully reloaded assembly
- Completed reload, in  0.933 seconds
Domain Reload Profiling:
	ReloadAssembly (933ms)
		BeginReloadAssembly (119ms)
			ExecutionOrderSort (0ms)
			DisableScriptedObjects (5ms)
			BackupInstance (0ms)
			ReleaseScriptingObjects (0ms)
			CreateAndSetChildDomain (32ms)
		EndReloadAssembly (738ms)
			LoadAssemblies (106ms)
			RebuildTransferFunctionScriptingTraits (0ms)
			SetupTypeCache (252ms)
			ReleaseScriptCaches (1ms)
			RebuildScriptCaches (38ms)
			SetupLoadedEditorAssemblies (273ms)
				LogAssemblyErrors (0ms)
				InitializePlatformSupportModulesInManaged (4ms)
				SetLoadedEditorAssemblies (0ms)
				RefreshPlugins (0ms)
				BeforeProcessingInitializeOnLoad (60ms)
				ProcessInitializeOnLoadAttributes (187ms)
				ProcessInitializeOnLoadMethodAttributes (15ms)
				AfterProcessingInitializeOnLoad (7ms)
				EditorAssembliesLoaded (0ms)
			ExecutionOrderSort2 (0ms)
			AwakeInstancesAfterBackupRestoration (4ms)
Platform modules already initialized, skipping
Refreshing native plugins compatible for Editor in 0.43 ms, found 3 plugins.
Preloading 0 native plugins for Editor in 0.00 ms.
Unloading 2207 Unused Serialized files (Serialized files now loaded: 0)
System memory in use before: 97.6 MB.
System memory in use after: 97.5 MB.

Unloading 20 unused Assets to reduce memory usage. Loaded Objects now: 2661.
Total: 2.802800 ms (FindLiveObjects: 0.158600 ms CreateObjectMapping: 0.077400 ms MarkObjects: 2.419800 ms  DeleteObjects: 0.146300 ms)

AssetImportParameters requested are different than current active one (requested -> active):
  custom:framework-win-MediaFoundation: 216162199b28c13a410421893ffa2e32 -> 
  custom:video-decoder-ogg-theora: a1e56fd34408186e4bbccfd4996cb3dc -> 
  custom:container-muxer-webm: aa71ff27fc2769a1b78a27578f13a17b -> 
  custom:container-demuxer-webm: 4f35f7cbe854078d1ac9338744f61a02 -> 
  custom:container-demuxer-ogg: 62fdf1f143b41e24485cea50d1cbac27 -> 
  custom:video-encoder-webm-vp8: eb34c28f22e8b96e1ab97ce403110664 -> 
  custom:video-decoder-webm-vp8: 9c59270c3fd7afecdb556c50c9e8de78 -> 
  custom:audio-decoder-ogg-vorbis: bf7c407c2cedff20999df2af8eb42d56 -> 
  custom:audio-encoder-webm-vorbis: bf7c407c2cedff20999df2af8eb42d56 -> 
========================================================================
Received Prepare
Registering precompiled user dll's ...
Registered in 0.003054 seconds.
Begin MonoManager ReloadAssembly
Native extension for WindowsStandalone target not found
Refreshing native plugins compatible for Editor in 0.43 ms, found 3 plugins.
Preloading 0 native plugins for Editor in 0.00 ms.
Mono: successfully reloaded assembly
- Completed reload, in  0.934 seconds
Domain Reload Profiling:
	ReloadAssembly (935ms)
		BeginReloadAssembly (112ms)
			ExecutionOrderSort (0ms)
			DisableScriptedObjects (5ms)
			BackupInstance (0ms)
			ReleaseScriptingObjects (0ms)
			CreateAndSetChildDomain (29ms)
		EndReloadAssembly (764ms)
			LoadAssemblies (100ms)
			RebuildTransferFunctionScriptingTraits (0ms)
			SetupTypeCache (276ms)
			ReleaseScriptCaches (1ms)
			RebuildScriptCaches (40ms)
			SetupLoadedEditorAssemblies (274ms)
				LogAssemblyErrors (0ms)
				InitializePlatformSupportModulesInManaged (4ms)
				SetLoadedEditorAssemblies (0ms)
				RefreshPlugins (1ms)
				BeforeProcessingInitializeOnLoad (62ms)
				ProcessInitializeOnLoadAttributes (185ms)
				ProcessInitializeOnLoadMethodAttributes (15ms)
				AfterProcessingInitializeOnLoad (7ms)
				EditorAssembliesLoaded (0ms)
			ExecutionOrderSort2 (0ms)
			AwakeInstancesAfterBackupRestoration (4ms)
Platform modules already initialized, skipping
Refreshing native plugins compatible for Editor in 0.44 ms, found 3 plugins.
Preloading 0 native plugins for Editor in 0.00 ms.
Unloading 2207 Unused Serialized files (Serialized files now loaded: 0)
System memory in use before: 97.6 MB.
System memory in use after: 97.5 MB.

Unloading 20 unused Assets to reduce memory usage. Loaded Objects now: 2664.
Total: 2.746300 ms (FindLiveObjects: 0.147400 ms CreateObjectMapping: 0.071800 ms MarkObjects: 2.366000 ms  DeleteObjects: 0.160500 ms)

AssetImportParameters requested are different than current active one (requested -> active):
  custom:framework-win-MediaFoundation: 216162199b28c13a410421893ffa2e32 -> 
  custom:video-decoder-ogg-theora: a1e56fd34408186e4bbccfd4996cb3dc -> 
  custom:container-muxer-webm: aa71ff27fc2769a1b78a27578f13a17b -> 
  custom:container-demuxer-webm: 4f35f7cbe854078d1ac9338744f61a02 -> 
  custom:container-demuxer-ogg: 62fdf1f143b41e24485cea50d1cbac27 -> 
  custom:video-encoder-webm-vp8: eb34c28f22e8b96e1ab97ce403110664 -> 
  custom:video-decoder-webm-vp8: 9c59270c3fd7afecdb556c50c9e8de78 -> 
  custom:audio-decoder-ogg-vorbis: bf7c407c2cedff20999df2af8eb42d56 -> 
  custom:audio-encoder-webm-vorbis: bf7c407c2cedff20999df2af8eb42d56 -> 
========================================================================
Received Prepare
Registering precompiled user dll's ...
Registered in 0.003935 seconds.
Begin MonoManager ReloadAssembly
Native extension for WindowsStandalone target not found
Refreshing native plugins compatible for Editor in 0.46 ms, found 3 plugins.
Preloading 0 native plugins for Editor in 0.00 ms.
Mono: successfully reloaded assembly
- Completed reload, in  0.932 seconds
Domain Reload Profiling:
	ReloadAssembly (933ms)
		BeginReloadAssembly (111ms)
			ExecutionOrderSort (0ms)
			DisableScriptedObjects (5ms)
			BackupInstance (0ms)
			ReleaseScriptingObjects (0ms)
			CreateAndSetChildDomain (33ms)
		EndReloadAssembly (755ms)
			LoadAssemblies (103ms)
			RebuildTransferFunctionScriptingTraits (0ms)
			SetupTypeCache (265ms)
			ReleaseScriptCaches (1ms)
			RebuildScriptCaches (42ms)
			SetupLoadedEditorAssemblies (267ms)
				LogAssemblyErrors (0ms)
				InitializePlatformSupportModulesInManaged (4ms)
				SetLoadedEditorAssemblies (0ms)
				RefreshPlugins (1ms)
				BeforeProcessingInitializeOnLoad (60ms)
				ProcessInitializeOnLoadAttributes (180ms)
				ProcessInitializeOnLoadMethodAttributes (14ms)
				AfterProcessingInitializeOnLoad (7ms)
				EditorAssembliesLoaded (0ms)
			ExecutionOrderSort2 (0ms)
			AwakeInstancesAfterBackupRestoration (4ms)
Platform modules already initialized, skipping
Refreshing native plugins compatible for Editor in 0.45 ms, found 3 plugins.
Preloading 0 native plugins for Editor in 0.00 ms.
Unloading 2207 Unused Serialized files (Serialized files now loaded: 0)
System memory in use before: 97.6 MB.
System memory in use after: 97.5 MB.

Unloading 20 unused Assets to reduce memory usage. Loaded Objects now: 2667.
Total: 2.987100 ms (FindLiveObjects: 0.167200 ms CreateObjectMapping: 0.084900 ms MarkObjects: 2.609000 ms  DeleteObjects: 0.125200 ms)

AssetImportParameters requested are different than current active one (requested -> active):
  custom:framework-win-MediaFoundation: 216162199b28c13a410421893ffa2e32 -> 
  custom:video-decoder-ogg-theora: a1e56fd34408186e4bbccfd4996cb3dc -> 
  custom:container-muxer-webm: aa71ff27fc2769a1b78a27578f13a17b -> 
  custom:container-demuxer-webm: 4f35f7cbe854078d1ac9338744f61a02 -> 
  custom:container-demuxer-ogg: 62fdf1f143b41e24485cea50d1cbac27 -> 
  custom:video-encoder-webm-vp8: eb34c28f22e8b96e1ab97ce403110664 -> 
  custom:video-decoder-webm-vp8: 9c59270c3fd7afecdb556c50c9e8de78 -> 
  custom:audio-decoder-ogg-vorbis: bf7c407c2cedff20999df2af8eb42d56 -> 
  custom:audio-encoder-webm-vorbis: bf7c407c2cedff20999df2af8eb42d56 -> 
========================================================================
Received Prepare
Registering precompiled user dll's ...
Registered in 0.005354 seconds.
Begin MonoManager ReloadAssembly
Native extension for WindowsStandalone target not found
Refreshing native plugins compatible for Editor in 0.46 ms, found 3 plugins.
Preloading 0 native plugins for Editor in 0.00 ms.
Mono: successfully reloaded assembly
- Completed reload, in  0.941 seconds
Domain Reload Profiling:
	ReloadAssembly (942ms)
		BeginReloadAssembly (122ms)
			ExecutionOrderSort (0ms)
			DisableScriptedObjects (6ms)
			BackupInstance (0ms)
			ReleaseScriptingObjects (0ms)
			CreateAndSetChildDomain (30ms)
		EndReloadAssembly (749ms)
			LoadAssemblies (108ms)
			RebuildTransferFunctionScriptingTraits (0ms)
			SetupTypeCache (268ms)
			ReleaseScriptCaches (1ms)
			RebuildScriptCaches (38ms)
			SetupLoadedEditorAssemblies (269ms)
				LogAssemblyErrors (0ms)
				InitializePlatformSupportModulesInManaged (4ms)
				SetLoadedEditorAssemblies (0ms)
				RefreshPlugins (1ms)
				BeforeProcessingInitializeOnLoad (60ms)
				ProcessInitializeOnLoadAttributes (174ms)
				ProcessInitializeOnLoadMethodAttributes (19ms)
				AfterProcessingInitializeOnLoad (10ms)
				EditorAssembliesLoaded (0ms)
			ExecutionOrderSort2 (0ms)
			AwakeInstancesAfterBackupRestoration (4ms)
Platform modules already initialized, skipping
Refreshing native plugins compatible for Editor in 0.47 ms, found 3 plugins.
Preloading 0 native plugins for Editor in 0.00 ms.
Unloading 2207 Unused Serialized files (Serialized files now loaded: 0)
System memory in use before: 97.6 MB.
System memory in use after: 97.5 MB.

Unloading 20 unused Assets to reduce memory usage. Loaded Objects now: 2670.
Total: 2.854400 ms (FindLiveObjects: 0.153900 ms CreateObjectMapping: 0.075600 ms MarkObjects: 2.480000 ms  DeleteObjects: 0.144100 ms)

AssetImportParameters requested are different than current active one (requested -> active):
  custom:framework-win-MediaFoundation: 216162199b28c13a410421893ffa2e32 -> 
  custom:video-decoder-ogg-theora: a1e56fd34408186e4bbccfd4996cb3dc -> 
  custom:container-muxer-webm: aa71ff27fc2769a1b78a27578f13a17b -> 
  custom:container-demuxer-webm: 4f35f7cbe854078d1ac9338744f61a02 -> 
  custom:container-demuxer-ogg: 62fdf1f143b41e24485cea50d1cbac27 -> 
  custom:video-encoder-webm-vp8: eb34c28f22e8b96e1ab97ce403110664 -> 
  custom:video-decoder-webm-vp8: 9c59270c3fd7afecdb556c50c9e8de78 -> 
  custom:audio-decoder-ogg-vorbis: bf7c407c2cedff20999df2af8eb42d56 -> 
  custom:audio-encoder-webm-vorbis: bf7c407c2cedff20999df2af8eb42d56 -> 
========================================================================
Received Prepare
Registering precompiled user dll's ...
Registered in 0.011560 seconds.
Begin MonoManager ReloadAssembly
Native extension for WindowsStandalone target not found
Refreshing native plugins compatible for Editor in 0.57 ms, found 3 plugins.
Preloading 0 native plugins for Editor in 0.00 ms.
Mono: successfully reloaded assembly
- Completed reload, in  1.555 seconds
Domain Reload Profiling:
	ReloadAssembly (1555ms)
		BeginReloadAssembly (407ms)
			ExecutionOrderSort (0ms)
			DisableScriptedObjects (28ms)
			BackupInstance (0ms)
			ReleaseScriptingObjects (1ms)
			CreateAndSetChildDomain (130ms)
		EndReloadAssembly (967ms)
			LoadAssemblies (374ms)
			RebuildTransferFunctionScriptingTraits (0ms)
			SetupTypeCache (288ms)
			ReleaseScriptCaches (1ms)
			RebuildScriptCaches (55ms)
			SetupLoadedEditorAssemblies (296ms)
				LogAssemblyErrors (0ms)
				InitializePlatformSupportModulesInManaged (6ms)
				SetLoadedEditorAssemblies (1ms)
				RefreshPlugins (1ms)
				BeforeProcessingInitializeOnLoad (73ms)
				ProcessInitializeOnLoadAttributes (193ms)
				ProcessInitializeOnLoadMethodAttributes (15ms)
				AfterProcessingInitializeOnLoad (7ms)
				EditorAssembliesLoaded (0ms)
			ExecutionOrderSort2 (0ms)
			AwakeInstancesAfterBackupRestoration (4ms)
Platform modules already initialized, skipping
Refreshing native plugins compatible for Editor in 0.46 ms, found 3 plugins.
Preloading 0 native plugins for Editor in 0.00 ms.
Unloading 2207 Unused Serialized files (Serialized files now loaded: 0)
System memory in use before: 97.6 MB.
System memory in use after: 97.5 MB.

Unloading 20 unused Assets to reduce memory usage. Loaded Objects now: 2673.
Total: 2.795400 ms (FindLiveObjects: 0.174800 ms CreateObjectMapping: 0.086800 ms MarkObjects: 2.404800 ms  DeleteObjects: 0.128000 ms)

AssetImportParameters requested are different than current active one (requested -> active):
  custom:framework-win-MediaFoundation: 216162199b28c13a410421893ffa2e32 -> 
  custom:video-decoder-ogg-theora: a1e56fd34408186e4bbccfd4996cb3dc -> 
  custom:container-muxer-webm: aa71ff27fc2769a1b78a27578f13a17b -> 
  custom:container-demuxer-webm: 4f35f7cbe854078d1ac9338744f61a02 -> 
  custom:container-demuxer-ogg: 62fdf1f143b41e24485cea50d1cbac27 -> 
  custom:video-encoder-webm-vp8: eb34c28f22e8b96e1ab97ce403110664 -> 
  custom:video-decoder-webm-vp8: 9c59270c3fd7afecdb556c50c9e8de78 -> 
  custom:audio-decoder-ogg-vorbis: bf7c407c2cedff20999df2af8eb42d56 -> 
  custom:audio-encoder-webm-vorbis: bf7c407c2cedff20999df2af8eb42d56 -> 
========================================================================
Received Prepare
Registering precompiled user dll's ...
Registered in 0.003101 seconds.
Begin MonoManager ReloadAssembly
Native extension for WindowsStandalone target not found
Refreshing native plugins compatible for Editor in 3.04 ms, found 3 plugins.
Preloading 0 native plugins for Editor in 0.00 ms.
Mono: successfully reloaded assembly
- Completed reload, in  2.865 seconds
Domain Reload Profiling:
	ReloadAssembly (2866ms)
		BeginReloadAssembly (119ms)
			ExecutionOrderSort (0ms)
			DisableScriptedObjects (5ms)
			BackupInstance (0ms)
			ReleaseScriptingObjects (0ms)
			CreateAndSetChildDomain (29ms)
		EndReloadAssembly (2565ms)
			LoadAssemblies (246ms)
			RebuildTransferFunctionScriptingTraits (0ms)
			SetupTypeCache (866ms)
			ReleaseScriptCaches (3ms)
			RebuildScriptCaches (149ms)
			SetupLoadedEditorAssemblies (956ms)
				LogAssemblyErrors (0ms)
				InitializePlatformSupportModulesInManaged (16ms)
				SetLoadedEditorAssemblies (1ms)
				RefreshPlugins (3ms)
				BeforeProcessingInitializeOnLoad (195ms)
				ProcessInitializeOnLoadAttributes (666ms)
				ProcessInitializeOnLoadMethodAttributes (54ms)
				AfterProcessingInitializeOnLoad (21ms)
				EditorAssembliesLoaded (0ms)
			ExecutionOrderSort2 (0ms)
			AwakeInstancesAfterBackupRestoration (16ms)
Platform modules already initialized, skipping
Refreshing native plugins compatible for Editor in 2.55 ms, found 3 plugins.
Preloading 0 native plugins for Editor in 0.00 ms.
Unloading 2207 Unused Serialized files (Serialized files now loaded: 0)
System memory in use before: 97.6 MB.
System memory in use after: 97.5 MB.

Unloading 20 unused Assets to reduce memory usage. Loaded Objects now: 2676.
Total: 8.858400 ms (FindLiveObjects: 0.374800 ms CreateObjectMapping: 0.621000 ms MarkObjects: 7.143500 ms  DeleteObjects: 0.711900 ms)

AssetImportParameters requested are different than current active one (requested -> active):
  custom:framework-win-MediaFoundation: 216162199b28c13a410421893ffa2e32 -> 
  custom:video-decoder-ogg-theora: a1e56fd34408186e4bbccfd4996cb3dc -> 
  custom:container-muxer-webm: aa71ff27fc2769a1b78a27578f13a17b -> 
  custom:container-demuxer-webm: 4f35f7cbe854078d1ac9338744f61a02 -> 
  custom:container-demuxer-ogg: 62fdf1f143b41e24485cea50d1cbac27 -> 
  custom:video-encoder-webm-vp8: eb34c28f22e8b96e1ab97ce403110664 -> 
  custom:video-decoder-webm-vp8: 9c59270c3fd7afecdb556c50c9e8de78 -> 
  custom:audio-decoder-ogg-vorbis: bf7c407c2cedff20999df2af8eb42d56 -> 
  custom:audio-encoder-webm-vorbis: bf7c407c2cedff20999df2af8eb42d56 -> 
========================================================================
Received Prepare
Registering precompiled user dll's ...
Registered in 0.003092 seconds.
Begin MonoManager ReloadAssembly
Native extension for WindowsStandalone target not found
Refreshing native plugins compatible for Editor in 0.47 ms, found 3 plugins.
Preloading 0 native plugins for Editor in 0.00 ms.
Mono: successfully reloaded assembly
- Completed reload, in  0.909 seconds
Domain Reload Profiling:
	ReloadAssembly (909ms)
		BeginReloadAssembly (111ms)
			ExecutionOrderSort (0ms)
			DisableScriptedObjects (5ms)
			BackupInstance (0ms)
			ReleaseScriptingObjects (0ms)
			CreateAndSetChildDomain (30ms)
		EndReloadAssembly (738ms)
			LoadAssemblies (97ms)
			RebuildTransferFunctionScriptingTraits (0ms)
			SetupTypeCache (258ms)
			ReleaseScriptCaches (1ms)
			RebuildScriptCaches (39ms)
			SetupLoadedEditorAssemblies (268ms)
				LogAssemblyErrors (0ms)
				InitializePlatformSupportModulesInManaged (4ms)
				SetLoadedEditorAssemblies (0ms)
				RefreshPlugins (1ms)
				BeforeProcessingInitializeOnLoad (61ms)
				ProcessInitializeOnLoadAttributes (178ms)
				ProcessInitializeOnLoadMethodAttributes (17ms)
				AfterProcessingInitializeOnLoad (7ms)
				EditorAssembliesLoaded (0ms)
			ExecutionOrderSort2 (0ms)
			AwakeInstancesAfterBackupRestoration (4ms)
Platform modules already initialized, skipping
Refreshing native plugins compatible for Editor in 0.54 ms, found 3 plugins.
Preloading 0 native plugins for Editor in 0.00 ms.
Unloading 2207 Unused Serialized files (Serialized files now loaded: 0)
System memory in use before: 97.6 MB.
System memory in use after: 97.6 MB.

Unloading 20 unused Assets to reduce memory usage. Loaded Objects now: 2679.
Total: 2.789200 ms (FindLiveObjects: 0.146800 ms CreateObjectMapping: 0.067500 ms MarkObjects: 2.428900 ms  DeleteObjects: 0.145300 ms)

AssetImportParameters requested are different than current active one (requested -> active):
  custom:framework-win-MediaFoundation: 216162199b28c13a410421893ffa2e32 -> 
  custom:video-decoder-ogg-theora: a1e56fd34408186e4bbccfd4996cb3dc -> 
  custom:container-muxer-webm: aa71ff27fc2769a1b78a27578f13a17b -> 
  custom:container-demuxer-webm: 4f35f7cbe854078d1ac9338744f61a02 -> 
  custom:container-demuxer-ogg: 62fdf1f143b41e24485cea50d1cbac27 -> 
  custom:video-encoder-webm-vp8: eb34c28f22e8b96e1ab97ce403110664 -> 
  custom:video-decoder-webm-vp8: 9c59270c3fd7afecdb556c50c9e8de78 -> 
  custom:audio-decoder-ogg-vorbis: bf7c407c2cedff20999df2af8eb42d56 -> 
  custom:audio-encoder-webm-vorbis: bf7c407c2cedff20999df2af8eb42d56 -> 
========================================================================
Received Prepare
Registering precompiled user dll's ...
Registered in 0.003321 seconds.
Begin MonoManager ReloadAssembly
Native extension for WindowsStandalone target not found
Refreshing native plugins compatible for Editor in 0.44 ms, found 3 plugins.
Preloading 0 native plugins for Editor in 0.00 ms.
Mono: successfully reloaded assembly
- Completed reload, in  0.923 seconds
Domain Reload Profiling:
	ReloadAssembly (923ms)
		BeginReloadAssembly (121ms)
			ExecutionOrderSort (0ms)
			DisableScriptedObjects (5ms)
			BackupInstance (0ms)
			ReleaseScriptingObjects (0ms)
			CreateAndSetChildDomain (40ms)
		EndReloadAssembly (736ms)
			LoadAssemblies (98ms)
			RebuildTransferFunctionScriptingTraits (0ms)
			SetupTypeCache (260ms)
			ReleaseScriptCaches (1ms)
			RebuildScriptCaches (39ms)
			SetupLoadedEditorAssemblies (263ms)
				LogAssemblyErrors (0ms)
				InitializePlatformSupportModulesInManaged (4ms)
				SetLoadedEditorAssemblies (0ms)
				RefreshPlugins (0ms)
				BeforeProcessingInitializeOnLoad (59ms)
				ProcessInitializeOnLoadAttributes (178ms)
				ProcessInitializeOnLoadMethodAttributes (14ms)
				AfterProcessingInitializeOnLoad (7ms)
				EditorAssembliesLoaded (0ms)
			ExecutionOrderSort2 (0ms)
			AwakeInstancesAfterBackupRestoration (4ms)
Platform modules already initialized, skipping
Refreshing native plugins compatible for Editor in 0.44 ms, found 3 plugins.
Preloading 0 native plugins for Editor in 0.00 ms.
Unloading 2207 Unused Serialized files (Serialized files now loaded: 0)
System memory in use before: 97.6 MB.
System memory in use after: 97.6 MB.

Unloading 20 unused Assets to reduce memory usage. Loaded Objects now: 2682.
Total: 2.890800 ms (FindLiveObjects: 0.144400 ms CreateObjectMapping: 0.063200 ms MarkObjects: 2.509500 ms  DeleteObjects: 0.173000 ms)

AssetImportParameters requested are different than current active one (requested -> active):
  custom:framework-win-MediaFoundation: 216162199b28c13a410421893ffa2e32 -> 
  custom:video-decoder-ogg-theora: a1e56fd34408186e4bbccfd4996cb3dc -> 
  custom:container-muxer-webm: aa71ff27fc2769a1b78a27578f13a17b -> 
  custom:container-demuxer-webm: 4f35f7cbe854078d1ac9338744f61a02 -> 
  custom:container-demuxer-ogg: 62fdf1f143b41e24485cea50d1cbac27 -> 
  custom:video-encoder-webm-vp8: eb34c28f22e8b96e1ab97ce403110664 -> 
  custom:video-decoder-webm-vp8: 9c59270c3fd7afecdb556c50c9e8de78 -> 
  custom:audio-decoder-ogg-vorbis: bf7c407c2cedff20999df2af8eb42d56 -> 
  custom:audio-encoder-webm-vorbis: bf7c407c2cedff20999df2af8eb42d56 -> 
========================================================================
Received Prepare
Registering precompiled user dll's ...
Registered in 0.003825 seconds.
Begin MonoManager ReloadAssembly
Native extension for WindowsStandalone target not found
Refreshing native plugins compatible for Editor in 0.44 ms, found 3 plugins.
Preloading 0 native plugins for Editor in 0.00 ms.
Mono: successfully reloaded assembly
- Completed reload, in  0.967 seconds
Domain Reload Profiling:
	ReloadAssembly (968ms)
		BeginReloadAssembly (124ms)
			ExecutionOrderSort (0ms)
			DisableScriptedObjects (6ms)
			BackupInstance (0ms)
			ReleaseScriptingObjects (0ms)
			CreateAndSetChildDomain (30ms)
		EndReloadAssembly (787ms)
			LoadAssemblies (113ms)
			RebuildTransferFunctionScriptingTraits (0ms)
			SetupTypeCache (271ms)
			ReleaseScriptCaches (1ms)
			RebuildScriptCaches (49ms)
			SetupLoadedEditorAssemblies (266ms)
				LogAssemblyErrors (0ms)
				InitializePlatformSupportModulesInManaged (4ms)
				SetLoadedEditorAssemblies (0ms)
				RefreshPlugins (0ms)
				BeforeProcessingInitializeOnLoad (61ms)
				ProcessInitializeOnLoadAttributes (179ms)
				ProcessInitializeOnLoadMethodAttributes (14ms)
				AfterProcessingInitializeOnLoad (7ms)
				EditorAssembliesLoaded (0ms)
			ExecutionOrderSort2 (0ms)
			AwakeInstancesAfterBackupRestoration (4ms)
Platform modules already initialized, skipping
Refreshing native plugins compatible for Editor in 0.44 ms, found 3 plugins.
Preloading 0 native plugins for Editor in 0.00 ms.
Unloading 2207 Unused Serialized files (Serialized files now loaded: 0)
System memory in use before: 97.6 MB.
System memory in use after: 97.6 MB.

Unloading 20 unused Assets to reduce memory usage. Loaded Objects now: 2685.
Total: 2.937200 ms (FindLiveObjects: 0.154200 ms CreateObjectMapping: 0.072600 ms MarkObjects: 2.532800 ms  DeleteObjects: 0.176500 ms)

AssetImportParameters requested are different than current active one (requested -> active):
  custom:framework-win-MediaFoundation: 216162199b28c13a410421893ffa2e32 -> 
  custom:video-decoder-ogg-theora: a1e56fd34408186e4bbccfd4996cb3dc -> 
  custom:container-muxer-webm: aa71ff27fc2769a1b78a27578f13a17b -> 
  custom:container-demuxer-webm: 4f35f7cbe854078d1ac9338744f61a02 -> 
  custom:container-demuxer-ogg: 62fdf1f143b41e24485cea50d1cbac27 -> 
  custom:video-encoder-webm-vp8: eb34c28f22e8b96e1ab97ce403110664 -> 
  custom:video-decoder-webm-vp8: 9c59270c3fd7afecdb556c50c9e8de78 -> 
  custom:audio-decoder-ogg-vorbis: bf7c407c2cedff20999df2af8eb42d56 -> 
  custom:audio-encoder-webm-vorbis: bf7c407c2cedff20999df2af8eb42d56 -> 
========================================================================
Received Prepare
Registering precompiled user dll's ...
Registered in 0.010460 seconds.
Begin MonoManager ReloadAssembly
Native extension for WindowsStandalone target not found
Refreshing native plugins compatible for Editor in 0.86 ms, found 3 plugins.
Preloading 0 native plugins for Editor in 0.00 ms.
Mono: successfully reloaded assembly
- Completed reload, in  3.699 seconds
Domain Reload Profiling:
	ReloadAssembly (3700ms)
		BeginReloadAssembly (409ms)
			ExecutionOrderSort (0ms)
			DisableScriptedObjects (23ms)
			BackupInstance (0ms)
			ReleaseScriptingObjects (0ms)
			CreateAndSetChildDomain (105ms)
		EndReloadAssembly (3104ms)
			LoadAssemblies (398ms)
			RebuildTransferFunctionScriptingTraits (0ms)
			SetupTypeCache (947ms)
			ReleaseScriptCaches (3ms)
			RebuildScriptCaches (148ms)
			SetupLoadedEditorAssemblies (1292ms)
				LogAssemblyErrors (0ms)
				InitializePlatformSupportModulesInManaged (13ms)
				SetLoadedEditorAssemblies (3ms)
				RefreshPlugins (1ms)
				BeforeProcessingInitializeOnLoad (224ms)
				ProcessInitializeOnLoadAttributes (888ms)
				ProcessInitializeOnLoadMethodAttributes (87ms)
				AfterProcessingInitializeOnLoad (75ms)
				EditorAssembliesLoaded (1ms)
			ExecutionOrderSort2 (0ms)
			AwakeInstancesAfterBackupRestoration (49ms)
Platform modules already initialized, skipping
Refreshing native plugins compatible for Editor in 0.88 ms, found 3 plugins.
Preloading 0 native plugins for Editor in 0.00 ms.
Unloading 2207 Unused Serialized files (Serialized files now loaded: 0)
System memory in use before: 97.6 MB.
System memory in use after: 97.6 MB.

Unloading 20 unused Assets to reduce memory usage. Loaded Objects now: 2688.
Total: 8.058700 ms (FindLiveObjects: 0.466900 ms CreateObjectMapping: 0.151300 ms MarkObjects: 7.239600 ms  DeleteObjects: 0.198600 ms)

AssetImportParameters requested are different than current active one (requested -> active):
  custom:framework-win-MediaFoundation: 216162199b28c13a410421893ffa2e32 -> 
  custom:video-decoder-ogg-theora: a1e56fd34408186e4bbccfd4996cb3dc -> 
  custom:container-muxer-webm: aa71ff27fc2769a1b78a27578f13a17b -> 
  custom:container-demuxer-webm: 4f35f7cbe854078d1ac9338744f61a02 -> 
  custom:container-demuxer-ogg: 62fdf1f143b41e24485cea50d1cbac27 -> 
  custom:video-encoder-webm-vp8: eb34c28f22e8b96e1ab97ce403110664 -> 
  custom:video-decoder-webm-vp8: 9c59270c3fd7afecdb556c50c9e8de78 -> 
  custom:audio-decoder-ogg-vorbis: bf7c407c2cedff20999df2af8eb42d56 -> 
  custom:audio-encoder-webm-vorbis: bf7c407c2cedff20999df2af8eb42d56 -> 
========================================================================
Received Import Request.
  Time since last request: 2458.966184 seconds.
  path: Assets/Art/Sprites
  artifactKey: Guid(393943900ba2b6c4cb80f5e4a5d0806c) Importer(815301076,1909f56bfc062723c751e8b465ee728b)
Start importing Assets/Art/Sprites using Guid(393943900ba2b6c4cb80f5e4a5d0806c) Importer(815301076,1909f56bfc062723c751e8b465ee728b)  -> (artifact id: '09de6f4349b6dd244245d166eb51e72b') in 0.027323 seconds 
========================================================================
Received Import Request.
  Time since last request: 0.381151 seconds.
  path: Assets/Art/Tiles
  artifactKey: Guid(29f599e50faa09a4aaf9f5eef3687445) Importer(815301076,1909f56bfc062723c751e8b465ee728b)
Start importing Assets/Art/Tiles using Guid(29f599e50faa09a4aaf9f5eef3687445) Importer(815301076,1909f56bfc062723c751e8b465ee728b)  -> (artifact id: '45e01f07395348889c8df8369dc1902c') in 0.013370 seconds 
========================================================================
Received Import Request.
  Time since last request: 1.048832 seconds.
  path: Assets/Art/Tiles/El diseño de tu mundo - Tilemaps - Unity Learn.html
  artifactKey: Guid(bd80af0a78fcec541be24414b5f55a71) Importer(815301076,1909f56bfc062723c751e8b465ee728b)
Start importing Assets/Art/Tiles/El diseño de tu mundo - Tilemaps - Unity Learn.html using Guid(bd80af0a78fcec541be24414b5f55a71) Importer(815301076,1909f56bfc062723c751e8b465ee728b)  -> (artifact id: 'a7da0ac1d4b9e5b28d0a6c859204e2ce') in 0.039011 seconds 
========================================================================
Received Import Request.
  Time since last request: 43.195977 seconds.
  path: Assets/Art/Tiles/El diseño de tu mundo - Tilemaps - Unity Learn_files
  artifactKey: Guid(e7cfea2e82c01b442a9d711ea1817ff0) Importer(815301076,1909f56bfc062723c751e8b465ee728b)
Start importing Assets/Art/Tiles/El diseño de tu mundo - Tilemaps - Unity Learn_files using Guid(e7cfea2e82c01b442a9d711ea1817ff0) Importer(815301076,1909f56bfc062723c751e8b465ee728b)  -> (artifact id: '4a228f1facb4779cfd357eb6b587393c') in 0.013594 seconds 
========================================================================
Received Import Request.
  Time since last request: 0.793215 seconds.
  path: Assets/Art/Tiles/El diseño de tu mundo - Tilemaps - Unity Learn_files/0ceafe57-5d2f-48d4-8e6f-68e779eceacc_7.png
  artifactKey: Guid(063a9478a8e1e374185d7d52932408a0) Importer(815301076,1909f56bfc062723c751e8b465ee728b)
Start importing Assets/Art/Tiles/El diseño de tu mundo - Tilemaps - Unity Learn_files/0ceafe57-5d2f-48d4-8e6f-68e779eceacc_7.png using Guid(063a9478a8e1e374185d7d52932408a0) Importer(815301076,1909f56bfc062723c751e8b465ee728b)  -> (artifact id: '7b2c470f33731d46e3779dde21a7dfca') in 0.135169 seconds 
========================================================================
Received Import Request.
  Time since last request: 0.000313 seconds.
  path: Assets/Art/Tiles/El diseño de tu mundo - Tilemaps - Unity Learn_files/star_rating_selected.37b4b498b4f9449d048189a641a688a6.png
  artifactKey: Guid(0fff2954e645ef44d939d036e6813268) Importer(815301076,1909f56bfc062723c751e8b465ee728b)
Start importing Assets/Art/Tiles/El diseño de tu mundo - Tilemaps - Unity Learn_files/star_rating_selected.37b4b498b4f9449d048189a641a688a6.png using Guid(0fff2954e645ef44d939d036e6813268) Importer(815301076,1909f56bfc062723c751e8b465ee728b)  -> (artifact id: '8c8875ae6db97f1f4b6b8cfbb047031e') in 0.030036 seconds 
========================================================================
Received Import Request.
  Time since last request: 0.001295 seconds.
  path: Assets/Art/Tiles/El diseño de tu mundo - Tilemaps - Unity Learn_files/c62b1ae5-d68c-4670-80ad-8c9e05b99f9a_TILE.png
  artifactKey: Guid(91908f7813c64674e9dea84af8a6011a) Importer(815301076,1909f56bfc062723c751e8b465ee728b)
Start importing Assets/Art/Tiles/El diseño de tu mundo - Tilemaps - Unity Learn_files/c62b1ae5-d68c-4670-80ad-8c9e05b99f9a_TILE.png using Guid(91908f7813c64674e9dea84af8a6011a) Importer(815301076,1909f56bfc062723c751e8b465ee728b)  -> (artifact id: '80ee179ead64e046064ce4d6b9ae2d2b') in 0.027603 seconds 
========================================================================
Received Import Request.
  Time since last request: 0.000382 seconds.
  path: Assets/Art/Tiles/El diseño de tu mundo - Tilemaps - Unity Learn_files/66fd6fe6-3e3e-483a-a8fd-fb4e7c231f9f_CreateTile.png
  artifactKey: Guid(961afc6418561b44a9d006c75a16dc9a) Importer(815301076,1909f56bfc062723c751e8b465ee728b)
Start importing Assets/Art/Tiles/El diseño de tu mundo - Tilemaps - Unity Learn_files/66fd6fe6-3e3e-483a-a8fd-fb4e7c231f9f_CreateTile.png using Guid(961afc6418561b44a9d006c75a16dc9a) Importer(815301076,1909f56bfc062723c751e8b465ee728b)  -> (artifact id: '1038650f0d9570cf948642aec51392d7') in 0.035184 seconds 
========================================================================
Received Import Request.
  Time since last request: 0.000979 seconds.
  path: Assets/Art/Tiles/El diseño de tu mundo - Tilemaps - Unity Learn_files/f8dfeaf3-31ff-4b5e-9829-b0ff660d1ed1_11.png
  artifactKey: Guid(9de42527f87976a41b500663d0b6e5b8) Importer(815301076,1909f56bfc062723c751e8b465ee728b)
Start importing Assets/Art/Tiles/El diseño de tu mundo - Tilemaps - Unity Learn_files/f8dfeaf3-31ff-4b5e-9829-b0ff660d1ed1_11.png using Guid(9de42527f87976a41b500663d0b6e5b8) Importer(815301076,1909f56bfc062723c751e8b465ee728b)  -> (artifact id: '55774181adaa990d85ee43ad6a0703b4') in 0.037543 seconds 
========================================================================
Received Import Request.
  Time since last request: 0.000313 seconds.
  path: Assets/Art/Tiles/El diseño de tu mundo - Tilemaps - Unity Learn_files/f73dd2c7-5d04-493c-bb77-3c12b3cb1faf_10.png
  artifactKey: Guid(3e9b62e9d72c80549bff64e9205a7b8b) Importer(815301076,1909f56bfc062723c751e8b465ee728b)
Start importing Assets/Art/Tiles/El diseño de tu mundo - Tilemaps - Unity Learn_files/f73dd2c7-5d04-493c-bb77-3c12b3cb1faf_10.png using Guid(3e9b62e9d72c80549bff64e9205a7b8b) Importer(815301076,1909f56bfc062723c751e8b465ee728b)  -> (artifact id: '8594c0fb1e13b95883bf734c106adbed') in 0.032331 seconds 
========================================================================
Received Import Request.
  Time since last request: 0.000368 seconds.
  path: Assets/Art/Tiles/El diseño de tu mundo - Tilemaps - Unity Learn_files/803319bd-1481-4fc3-8767-2365aca9c804_9.png
  artifactKey: Guid(9ac34f65303022b47b22f14dc8ce0fbd) Importer(815301076,1909f56bfc062723c751e8b465ee728b)
Start importing Assets/Art/Tiles/El diseño de tu mundo - Tilemaps - Unity Learn_files/803319bd-1481-4fc3-8767-2365aca9c804_9.png using Guid(9ac34f65303022b47b22f14dc8ce0fbd) Importer(815301076,1909f56bfc062723c751e8b465ee728b)  -> (artifact id: '0bddd58d27d25735e3420a93b4b9cd6f') in 0.030912 seconds 
========================================================================
Received Import Request.
  Time since last request: 0.000238 seconds.
  path: Assets/Art/Tiles/El diseño de tu mundo - Tilemaps - Unity Learn_files/94688239-2549-426b-b81b-7b5bfc34e72c_13.png
  artifactKey: Guid(40a2dfc0c990604468d596023fc1950a) Importer(815301076,1909f56bfc062723c751e8b465ee728b)
Start importing Assets/Art/Tiles/El diseño de tu mundo - Tilemaps - Unity Learn_files/94688239-2549-426b-b81b-7b5bfc34e72c_13.png using Guid(40a2dfc0c990604468d596023fc1950a) Importer(815301076,1909f56bfc062723c751e8b465ee728b)  -> (artifact id: 'f4b909acc380168a2e38f72a19f50924') in 0.034803 seconds 
========================================================================
Received Import Request.
  Time since last request: 0.000572 seconds.
  path: Assets/Art/Tiles/El diseño de tu mundo - Tilemaps - Unity Learn_files/018f534e-3d80-4f46-b29f-edd26da6c40e_6.png
  artifactKey: Guid(d6eb9b769ad27444d89d6130602b9738) Importer(815301076,1909f56bfc062723c751e8b465ee728b)
Start importing Assets/Art/Tiles/El diseño de tu mundo - Tilemaps - Unity Learn_files/018f534e-3d80-4f46-b29f-edd26da6c40e_6.png using Guid(d6eb9b769ad27444d89d6130602b9738) Importer(815301076,1909f56bfc062723c751e8b465ee728b)  -> (artifact id: 'd24923a0a86552aca4cca849c9f6835e') in 0.033280 seconds 
========================================================================
Received Import Request.
  Time since last request: 0.000708 seconds.
  path: Assets/Art/Tiles/El diseño de tu mundo - Tilemaps - Unity Learn_files/6c0a01ee-5f40-49b3-bafb-97fd5b1e2b21_FirstTile.png
  artifactKey: Guid(d236f26f0f6c8334fa6e107cca424ff2) Importer(815301076,1909f56bfc062723c751e8b465ee728b)
Start importing Assets/Art/Tiles/El diseño de tu mundo - Tilemaps - Unity Learn_files/6c0a01ee-5f40-49b3-bafb-97fd5b1e2b21_FirstTile.png using Guid(d236f26f0f6c8334fa6e107cca424ff2) Importer(815301076,1909f56bfc062723c751e8b465ee728b)  -> (artifact id: '90822ff7c80d710902e9159e70a60916') in 0.031476 seconds 
========================================================================
Received Import Request.
  Time since last request: 0.000607 seconds.
  path: Assets/Art/Tiles/El diseño de tu mundo - Tilemaps - Unity Learn_files/8a2545fb-f641-4d00-8bb7-a33e99c78eed_2.png
  artifactKey: Guid(87d413bd0d3b37c46a5c2ad17bbf7fbb) Importer(815301076,1909f56bfc062723c751e8b465ee728b)
Start importing Assets/Art/Tiles/El diseño de tu mundo - Tilemaps - Unity Learn_files/8a2545fb-f641-4d00-8bb7-a33e99c78eed_2.png using Guid(87d413bd0d3b37c46a5c2ad17bbf7fbb) Importer(815301076,1909f56bfc062723c751e8b465ee728b)  -> (artifact id: 'd82d4ddca0e4ceef6c42c3a2cc6131ac') in 0.039472 seconds 
========================================================================
Received Import Request.
  Time since last request: 0.000320 seconds.
  path: Assets/Art/Tiles/El diseño de tu mundo - Tilemaps - Unity Learn_files/e9103354-cb2e-4efc-9f22-2a946d2cad40_3.png
  artifactKey: Guid(86d5419301d75d24390fd1e5265da9f0) Importer(815301076,1909f56bfc062723c751e8b465ee728b)
Start importing Assets/Art/Tiles/El diseño de tu mundo - Tilemaps - Unity Learn_files/e9103354-cb2e-4efc-9f22-2a946d2cad40_3.png using Guid(86d5419301d75d24390fd1e5265da9f0) Importer(815301076,1909f56bfc062723c751e8b465ee728b)  -> (artifact id: '51613d78616ea40109660239c1514029') in 0.035177 seconds 
========================================================================
Received Import Request.
  Time since last request: 0.000326 seconds.
  path: Assets/Art/Tiles/El diseño de tu mundo - Tilemaps - Unity Learn_files/bc18ac4d-8596-4f64-856f-47f0204ac6ca_2.5.1.png
  artifactKey: Guid(d950fb4f90f3a4d409b0559f47d74552) Importer(815301076,1909f56bfc062723c751e8b465ee728b)
Start importing Assets/Art/Tiles/El diseño de tu mundo - Tilemaps - Unity Learn_files/bc18ac4d-8596-4f64-856f-47f0204ac6ca_2.5.1.png using Guid(d950fb4f90f3a4d409b0559f47d74552) Importer(815301076,1909f56bfc062723c751e8b465ee728b)  -> (artifact id: 'fb92a9e5fe0557e3b68821794c46e201') in 0.033634 seconds 
========================================================================
Received Import Request.
  Time since last request: 0.001208 seconds.
  path: Assets/Art/Tiles/El diseño de tu mundo - Tilemaps - Unity Learn_files/5423bf67-b96a-4949-9a69-10065711ae7b_2DBeginner1080.png
  artifactKey: Guid(2812bd8e9db80cf4881ee8e9d0c5afdf) Importer(815301076,1909f56bfc062723c751e8b465ee728b)
Start importing Assets/Art/Tiles/El diseño de tu mundo - Tilemaps - Unity Learn_files/5423bf67-b96a-4949-9a69-10065711ae7b_2DBeginner1080.png using Guid(2812bd8e9db80cf4881ee8e9d0c5afdf) Importer(815301076,1909f56bfc062723c751e8b465ee728b)  -> (artifact id: '39048b7750e5164920657ea443aff805') in 0.043914 seconds 
========================================================================
Received Import Request.
  Time since last request: 0.000809 seconds.
  path: Assets/Art/Tiles/El diseño de tu mundo - Tilemaps - Unity Learn_files/9bbac594-3b25-47ce-be37-3765fadd0930_14.png
  artifactKey: Guid(bf57bc4087c322e4b99f14ef755b24b3) Importer(815301076,1909f56bfc062723c751e8b465ee728b)
Start importing Assets/Art/Tiles/El diseño de tu mundo - Tilemaps - Unity Learn_files/9bbac594-3b25-47ce-be37-3765fadd0930_14.png using Guid(bf57bc4087c322e4b99f14ef755b24b3) Importer(815301076,1909f56bfc062723c751e8b465ee728b)  -> (artifact id: '4293e9e4b3e2e9c522e562c3e39b9e0e') in 0.039633 seconds 
========================================================================
Received Import Request.
  Time since last request: 0.000397 seconds.
  path: Assets/Art/Tiles/El diseño de tu mundo - Tilemaps - Unity Learn_files/5d158a30-59de-4c9a-bb5c-b224452cc46a_4.png
  artifactKey: Guid(086f68cba50ab4641a9a3f71b86af3f4) Importer(815301076,1909f56bfc062723c751e8b465ee728b)
Start importing Assets/Art/Tiles/El diseño de tu mundo - Tilemaps - Unity Learn_files/5d158a30-59de-4c9a-bb5c-b224452cc46a_4.png using Guid(086f68cba50ab4641a9a3f71b86af3f4) Importer(815301076,1909f56bfc062723c751e8b465ee728b)  -> (artifact id: 'a42620d7fbfee25cb8f87c79491aacde') in 0.039120 seconds 
========================================================================
Received Import Request.
  Time since last request: 0.000865 seconds.
  path: Assets/Art/Tiles/El diseño de tu mundo - Tilemaps - Unity Learn_files/star_rating.df1e46e5016ae6c9b3aaf70e8ccfede2.png
  artifactKey: Guid(5207614cedc2084409879241697b114f) Importer(815301076,1909f56bfc062723c751e8b465ee728b)
Start importing Assets/Art/Tiles/El diseño de tu mundo - Tilemaps - Unity Learn_files/star_rating.df1e46e5016ae6c9b3aaf70e8ccfede2.png using Guid(5207614cedc2084409879241697b114f) Importer(815301076,1909f56bfc062723c751e8b465ee728b)  -> (artifact id: '9b96bbf02a2fbeaba7c8c62404e45280') in 0.036675 seconds 
========================================================================
Received Import Request.
  Time since last request: 0.000773 seconds.
  path: Assets/Art/Tiles/El diseño de tu mundo - Tilemaps - Unity Learn_files/f29b0426-5d83-4e06-93ac-31bf4741b03a_8.png
  artifactKey: Guid(497b7ee2bc1304842a603483c5f394ce) Importer(815301076,1909f56bfc062723c751e8b465ee728b)
Start importing Assets/Art/Tiles/El diseño de tu mundo - Tilemaps - Unity Learn_files/f29b0426-5d83-4e06-93ac-31bf4741b03a_8.png using Guid(497b7ee2bc1304842a603483c5f394ce) Importer(815301076,1909f56bfc062723c751e8b465ee728b)  -> (artifact id: '0bdce7c2a03b32bf191d516711b9c793') in 0.028810 seconds 
========================================================================
Received Import Request.
  Time since last request: 0.000492 seconds.
  path: Assets/Art/Tiles/El diseño de tu mundo - Tilemaps - Unity Learn_files/2841dd0e-0cb1-4ebe-9080-5926ce8635e7_5.png
  artifactKey: Guid(f350ce181763eff4ca9b6d644d2e635b) Importer(815301076,1909f56bfc062723c751e8b465ee728b)
Start importing Assets/Art/Tiles/El diseño de tu mundo - Tilemaps - Unity Learn_files/2841dd0e-0cb1-4ebe-9080-5926ce8635e7_5.png using Guid(f350ce181763eff4ca9b6d644d2e635b) Importer(815301076,1909f56bfc062723c751e8b465ee728b)  -> (artifact id: '4abb19cbd58a2df6e9c30d13d1acb595') in 0.040121 seconds 
========================================================================
Received Import Request.
  Time since last request: 0.000349 seconds.
  path: Assets/Art/Tiles/El diseño de tu mundo - Tilemaps - Unity Learn_files/star_rating_left.001d27dbaa82abdbc8536a07360f1603.png
  artifactKey: Guid(43beafd8e539c064c99c0d6ec403a547) Importer(815301076,1909f56bfc062723c751e8b465ee728b)
Start importing Assets/Art/Tiles/El diseño de tu mundo - Tilemaps - Unity Learn_files/star_rating_left.001d27dbaa82abdbc8536a07360f1603.png using Guid(43beafd8e539c064c99c0d6ec403a547) Importer(815301076,1909f56bfc062723c751e8b465ee728b)  -> (artifact id: 'dbe475ec738d9a1294800cf005126fd7') in 0.038274 seconds 
========================================================================
Received Import Request.
  Time since last request: 0.000758 seconds.
  path: Assets/Art/Tiles/El diseño de tu mundo - Tilemaps - Unity Learn_files/2519377f-45c0-4a98-8dd7-25274ea68768_unnamed.png
  artifactKey: Guid(abb32424795637f4abcd31c932a206a0) Importer(815301076,1909f56bfc062723c751e8b465ee728b)
Start importing Assets/Art/Tiles/El diseño de tu mundo - Tilemaps - Unity Learn_files/2519377f-45c0-4a98-8dd7-25274ea68768_unnamed.png using Guid(abb32424795637f4abcd31c932a206a0) Importer(815301076,1909f56bfc062723c751e8b465ee728b)  -> (artifact id: 'faf26c56c1dbcd36938a02e1fc345069') in 0.026296 seconds 
========================================================================
Received Import Request.
  Time since last request: 0.000370 seconds.
  path: Assets/Art/Tiles/El diseño de tu mundo - Tilemaps - Unity Learn_files/open-in-new-grey.e0f3241a88b1b0662346b1cf7baf67e1.png
  artifactKey: Guid(dffa3e78a91b5f74b8a3fe961a55c828) Importer(815301076,1909f56bfc062723c751e8b465ee728b)
Start importing Assets/Art/Tiles/El diseño de tu mundo - Tilemaps - Unity Learn_files/open-in-new-grey.e0f3241a88b1b0662346b1cf7baf67e1.png using Guid(dffa3e78a91b5f74b8a3fe961a55c828) Importer(815301076,1909f56bfc062723c751e8b465ee728b)  -> (artifact id: 'c4e486fff046a6925ecbaa181f844dce') in 0.030394 seconds 
========================================================================
Received Import Request.
  Time since last request: 0.000440 seconds.
  path: Assets/Art/Tiles/El diseño de tu mundo - Tilemaps - Unity Learn_files/39b03c73-ca05-4298-8bbb-51a806db9ae0_CreateTilemap.png
  artifactKey: Guid(47a307702203eeb4db73bee436473172) Importer(815301076,1909f56bfc062723c751e8b465ee728b)
Start importing Assets/Art/Tiles/El diseño de tu mundo - Tilemaps - Unity Learn_files/39b03c73-ca05-4298-8bbb-51a806db9ae0_CreateTilemap.png using Guid(47a307702203eeb4db73bee436473172) Importer(815301076,1909f56bfc062723c751e8b465ee728b)  -> (artifact id: '7b11e123e7a7d39a75365893ad71cde9') in 0.035160 seconds 
========================================================================
Received Import Request.
  Time since last request: 0.000754 seconds.
  path: Assets/Art/Tiles/El diseño de tu mundo - Tilemaps - Unity Learn_files/1601b3b6-6ea0-4cae-b1b6-d8beebe01be4_3.5.png
  artifactKey: Guid(abfb422bc688a194eb1cfe64763f732c) Importer(815301076,1909f56bfc062723c751e8b465ee728b)
Start importing Assets/Art/Tiles/El diseño de tu mundo - Tilemaps - Unity Learn_files/1601b3b6-6ea0-4cae-b1b6-d8beebe01be4_3.5.png using Guid(abfb422bc688a194eb1cfe64763f732c) Importer(815301076,1909f56bfc062723c751e8b465ee728b)  -> (artifact id: '82cebe304c62bbe43944d4c456de3cc5') in 0.035039 seconds 
========================================================================
Received Import Request.
  Time since last request: 0.000306 seconds.
  path: Assets/Art/Tiles/El diseño de tu mundo - Tilemaps - Unity Learn_files/c62b1ae5-d68c-4670-80ad-8c9e05b99f9a_TILE.png.1800x0x1.png
  artifactKey: Guid(7e6c4861e4a84934896edabaabc30b72) Importer(815301076,1909f56bfc062723c751e8b465ee728b)
Start importing Assets/Art/Tiles/El diseño de tu mundo - Tilemaps - Unity Learn_files/c62b1ae5-d68c-4670-80ad-8c9e05b99f9a_TILE.png.1800x0x1.png using Guid(7e6c4861e4a84934896edabaabc30b72) Importer(815301076,1909f56bfc062723c751e8b465ee728b)  -> (artifact id: '5d2f8bea7f51b73c2a50d9fc5bf109f4') in 0.033842 seconds 
========================================================================
Received Import Request.
  Time since last request: 0.000895 seconds.
  path: Assets/Art/Tiles/El diseño de tu mundo - Tilemaps - Unity Learn_files/094b9f0f-aae5-4b56-b0fd-838d1b9e7cdf_TileP.png
  artifactKey: Guid(674d3acece5ca1c4cb606ceb80b50a36) Importer(815301076,1909f56bfc062723c751e8b465ee728b)
Start importing Assets/Art/Tiles/El diseño de tu mundo - Tilemaps - Unity Learn_files/094b9f0f-aae5-4b56-b0fd-838d1b9e7cdf_TileP.png using Guid(674d3acece5ca1c4cb606ceb80b50a36) Importer(815301076,1909f56bfc062723c751e8b465ee728b)  -> (artifact id: '6a18fdcb2f38d56c40f5d5aa00d74f64') in 0.043278 seconds 
========================================================================
Received Import Request.
  Time since last request: 0.000281 seconds.
  path: Assets/Art/Tiles/El diseño de tu mundo - Tilemaps - Unity Learn_files/233c98a8-b528-47b1-8cac-a77ef68a1686_hub.png
  artifactKey: Guid(e04e985b84ad0364cbc6a3511e24d484) Importer(815301076,1909f56bfc062723c751e8b465ee728b)
Start importing Assets/Art/Tiles/El diseño de tu mundo - Tilemaps - Unity Learn_files/233c98a8-b528-47b1-8cac-a77ef68a1686_hub.png using Guid(e04e985b84ad0364cbc6a3511e24d484) Importer(815301076,1909f56bfc062723c751e8b465ee728b)  -> (artifact id: '581582c11b033e280e6b79aef8acfa09') in 0.035735 seconds 
========================================================================
Received Import Request.
  Time since last request: 87.235695 seconds.
  path: Assets/Art/Tiles/El diseño de tu mundo - Tilemaps - Unity Learn_files/Game Palette.prefab
  artifactKey: Guid(97a79afcac572294d93547fa633c77c2) Importer(815301076,1909f56bfc062723c751e8b465ee728b)
Start importing Assets/Art/Tiles/El diseño de tu mundo - Tilemaps - Unity Learn_files/Game Palette.prefab using Guid(97a79afcac572294d93547fa633c77c2) Importer(815301076,1909f56bfc062723c751e8b465ee728b)  -> (artifact id: '0195e5d6cb605eda6475c96d85dc5240') in 0.166434 seconds 
========================================================================
Received Import Request.
  Time since last request: 217.197360 seconds.
  path: Assets/Art/Tiles/firsttile.png
  artifactKey: Guid(9807ee7c99369bb41bda5e4696821f37) Importer(815301076,1909f56bfc062723c751e8b465ee728b)
Start importing Assets/Art/Tiles/firsttile.png using Guid(9807ee7c99369bb41bda5e4696821f37) Importer(815301076,1909f56bfc062723c751e8b465ee728b)  -> (artifact id: 'cf14019067d181fe9ef79b2bba891e49') in 0.063609 seconds 
========================================================================
Received Import Request.
  Time since last request: 38.176186 seconds.
  path: Assets/Art/Tiles/GamePalette.prefab
  artifactKey: Guid(1537378d57f04c3408a8767d4438cbe9) Importer(815301076,1909f56bfc062723c751e8b465ee728b)
Start importing Assets/Art/Tiles/GamePalette.prefab using Guid(1537378d57f04c3408a8767d4438cbe9) Importer(815301076,1909f56bfc062723c751e8b465ee728b)  -> (artifact id: 'd3b25309e881b07f90a450f5ed9534bf') in 0.015241 seconds 
========================================================================
Received Import Request.
  Time since last request: 35.259085 seconds.
  path: Assets/Art/Tiles/Rectangular Palette.prefab
  artifactKey: Guid(4e5c8a2d95ff70b4bb518310918ec502) Importer(815301076,1909f56bfc062723c751e8b465ee728b)
Start importing Assets/Art/Tiles/Rectangular Palette.prefab using Guid(4e5c8a2d95ff70b4bb518310918ec502) Importer(815301076,1909f56bfc062723c751e8b465ee728b)  -> (artifact id: '9bf252db42ce72e711ddfecb7b73df45') in 0.091931 seconds 
========================================================================
Received Import Request.
  Time since last request: 215.407553 seconds.
  path: Assets/Art/Tiles/Square.png
  artifactKey: Guid(9e0db2a7bbd6d2244824ec9c6aa4cc59) Importer(815301076,1909f56bfc062723c751e8b465ee728b)
Start importing Assets/Art/Tiles/Square.png using Guid(9e0db2a7bbd6d2244824ec9c6aa4cc59) Importer(815301076,1909f56bfc062723c751e8b465ee728b)  -> (artifact id: '98df628dc6e609b18f5cae56bb581bce') in 0.126378 seconds 
========================================================================
Received Import Request.
  Time since last request: 952.452008 seconds.
  path: Assets/Art/Tiles/firsttile.png
  artifactKey: Guid(9807ee7c99369bb41bda5e4696821f37) Importer(815301076,1909f56bfc062723c751e8b465ee728b)
Start importing Assets/Art/Tiles/firsttile.png using Guid(9807ee7c99369bb41bda5e4696821f37) Importer(815301076,1909f56bfc062723c751e8b465ee728b)  -> (artifact id: 'bb819c2a1b8503c106c4de6e84c95f55') in 0.024294 seconds 
========================================================================
Received Import Request.
  Time since last request: 13.175803 seconds.
  path: Assets/Art/Tiles/firsttile.asset
  artifactKey: Guid(126f2e674eaf17a4dbd9c0c4a8a880b1) Importer(815301076,1909f56bfc062723c751e8b465ee728b)
Start importing Assets/Art/Tiles/firsttile.asset using Guid(126f2e674eaf17a4dbd9c0c4a8a880b1) Importer(815301076,1909f56bfc062723c751e8b465ee728b)  -> (artifact id: 'df5021624c264205e2a120286a5aca04') in 0.087557 seconds 
========================================================================
Received Import Request.
  Time since last request: 0.000696 seconds.
  path: Assets/Art/Tiles/GamePalette.prefab
  artifactKey: Guid(1537378d57f04c3408a8767d4438cbe9) Importer(815301076,1909f56bfc062723c751e8b465ee728b)
Start importing Assets/Art/Tiles/GamePalette.prefab using Guid(1537378d57f04c3408a8767d4438cbe9) Importer(815301076,1909f56bfc062723c751e8b465ee728b)  -> (artifact id: 'ab0348b02f1ba9088a32809be732148b') in 0.039680 seconds 
AssetImportWorkerClient::OnTransportError - code=2 error=End of file
